c:\users\cycuś\documents\visual studio 2015\projects\src\build\debug\msvc\objs\vc140.pdb
c:\users\cycuś\documents\visual studio 2015\projects\src\build\debug\msvc\objs\vc140.idb
c:\users\cycuś\documents\visual studio 2015\projects\src\build\debug\msvc\objs\populationstatistics.obj
c:\users\cycuś\documents\visual studio 2015\projects\src\build\debug\msvc\objs\selections.obj
c:\users\cycuś\documents\visual studio 2015\projects\src\build\debug\msvc\objs\fitnesssharing.obj
c:\users\cycuś\documents\visual studio 2015\projects\src\build\debug\msvc\objs\scalings.obj
c:\users\cycuś\documents\visual studio 2015\projects\src\build\debug\msvc\objs\replacements.obj
c:\users\cycuś\documents\visual studio 2015\projects\src\build\debug\msvc\objs\cellularcoupling.obj
c:\users\cycuś\documents\visual studio 2015\projects\src\build\debug\msvc\objs\couplings.obj
c:\users\cycuś\documents\visual studio 2015\projects\src\build\debug\msvc\objs\mutations.obj
c:\users\cycuś\documents\visual studio 2015\projects\src\build\debug\msvc\objs\crossovers.obj
c:\users\cycuś\documents\visual studio 2015\projects\src\build\debug\msvc\objs\matings.obj
c:\users\cycuś\documents\visual studio 2015\projects\src\build\debug\msvc\objs\stopcriteria.obj
c:\users\cycuś\documents\visual studio 2015\projects\src\build\debug\msvc\objs\fitnesscomparators.obj
c:\users\cycuś\documents\visual studio 2015\projects\src\build\debug\msvc\objs\statistics.obj
c:\users\cycuś\documents\visual studio 2015\projects\src\build\debug\msvc\objs\nsga.obj
c:\users\cycuś\documents\visual studio 2015\projects\src\build\debug\msvc\objs\pesa.obj
c:\users\cycuś\documents\visual studio 2015\projects\src\build\debug\msvc\objs\rdga.obj
c:\users\cycuś\documents\visual studio 2015\projects\src\build\debug\msvc\objs\spea.obj
c:\users\cycuś\documents\visual studio 2015\projects\src\build\debug\msvc\objs\vega.obj
c:\users\cycuś\documents\visual studio 2015\projects\src\build\debug\msvc\objs\adoptions.obj
c:\users\cycuś\documents\visual studio 2015\projects\src\build\debug\msvc\objs\migrations.obj
c:\users\cycuś\documents\visual studio 2015\projects\src\build\debug\msvc\objs\randomsequence.obj
c:\users\cycuś\documents\visual studio 2015\projects\src\build\debug\msvc\objs\barrier.obj
c:\users\cycuś\documents\visual studio 2015\projects\src\build\debug\msvc\objs\rdgastub.obj
c:\users\cycuś\documents\visual studio 2015\projects\src\build\debug\msvc\objs\simplestub.obj
c:\users\cycuś\documents\visual studio 2015\projects\src\build\debug\msvc\objs\speastub.obj
c:\users\cycuś\documents\visual studio 2015\projects\src\build\debug\msvc\objs\sysinfo.obj
c:\users\cycuś\documents\visual studio 2015\projects\src\build\debug\msvc\objs\threading.obj
c:\users\cycuś\documents\visual studio 2015\projects\src\build\debug\msvc\objs\threadpool.obj
c:\users\cycuś\documents\visual studio 2015\projects\src\build\debug\msvc\objs\workflows.obj
c:\users\cycuś\documents\visual studio 2015\projects\src\build\debug\msvc\objs\exceptions.obj
c:\users\cycuś\documents\visual studio 2015\projects\src\build\debug\msvc\objs\list.obj
c:\users\cycuś\documents\visual studio 2015\projects\src\build\debug\msvc\objs\tags.obj
c:\users\cycuś\documents\visual studio 2015\projects\src\build\debug\msvc\objs\tree.obj
c:\users\cycuś\documents\visual studio 2015\projects\src\build\debug\msvc\objs\observing.obj
c:\users\cycuś\documents\visual studio 2015\projects\src\build\debug\msvc\objs\grid.obj
c:\users\cycuś\documents\visual studio 2015\projects\src\build\debug\msvc\objs\timing.obj
c:\users\cycuś\documents\visual studio 2015\projects\src\build\debug\msvc\objs\chromosomegroup.obj
c:\users\cycuś\documents\visual studio 2015\projects\src\build\debug\msvc\objs\chromosomestorage.obj
c:\users\cycuś\documents\visual studio 2015\projects\src\build\debug\msvc\objs\population.obj
c:\users\cycuś\documents\visual studio 2015\projects\src\build\debug\msvc\objs\populationoperations.obj
c:\users\cycuś\documents\visual studio 2015\projects\src\build\debug\msvc\objs\algorithmstub.obj
c:\users\cycuś\documents\visual studio 2015\projects\src\build\debug\msvc\objs\array.obj
c:\users\cycuś\documents\visual studio 2015\projects\src\build\debug\msvc\objs\initialization.obj
c:\users\cycuś\documents\visual studio 2015\projects\src\build\debug\msvc\objs\globalrandomgenerator.obj
c:\users\cycuś\documents\visual studio 2015\projects\src\build\debug\msvc\objs\nsgastub.obj
c:\users\cycuś\documents\visual studio 2015\projects\src\build\debug\msvc\objs\paes.obj
c:\users\cycuś\documents\visual studio 2015\projects\src\build\debug\msvc\objs\paesstub.obj
c:\users\cycuś\documents\visual studio 2015\projects\src\build\debug\msvc\objs\pesastub.obj
c:\users\cycuś\documents\visual studio 2015\projects\src\build\debug\msvc\objs\random.obj
c:\users\cycuś\documents\visual studio 2015\projects\src\build\debug\msvc\galex.lib
c:\users\cycuś\documents\visual studio 2015\projects\src\build\debug\msvc\galex.exp
c:\users\cycuś\documents\visual studio 2015\projects\src\build\debug\msvc\galex.ilk
c:\users\cycuś\documents\visual studio 2015\projects\src\build\debug\msvc\galex.dll
c:\users\cycuś\documents\visual studio 2015\projects\src\build\debug\msvc\galex.pdb
c:\users\cycuś\documents\visual studio 2015\projects\src\build\debug\msvc\objs\galex.tlog\cl.command.1.tlog
c:\users\cycuś\documents\visual studio 2015\projects\src\build\debug\msvc\objs\galex.tlog\cl.read.1.tlog
c:\users\cycuś\documents\visual studio 2015\projects\src\build\debug\msvc\objs\galex.tlog\cl.write.1.tlog
c:\users\cycuś\documents\visual studio 2015\projects\src\build\debug\msvc\objs\galex.tlog\galex.write.1u.tlog
c:\users\cycuś\documents\visual studio 2015\projects\src\build\debug\msvc\objs\galex.tlog\link.command.1.tlog
c:\users\cycuś\documents\visual studio 2015\projects\src\build\debug\msvc\objs\galex.tlog\link.read.1.tlog
c:\users\cycuś\documents\visual studio 2015\projects\src\build\debug\msvc\objs\galex.tlog\link.write.1.tlog
